#-----------------------------------------------------------
# Vivado v2018.2 (64-bit)
# SW Build 2258646 on Thu Jun 14 20:03:12 MDT 2018
# IP Build 2256618 on Thu Jun 14 22:10:49 MDT 2018
# Start of session at: Sat Mar 14 00:43:20 2020
# Process ID: 2300
# Current directory: D:/EE2026labs/Lab4/Lab4_Monday_PM_TRA_QUANG_MINH_THONG_A0200659H
# Command line: vivado.exe -gui_launcher_event rodinguilauncherevent8232 D:\EE2026labs\Lab4\Lab4_Monday_PM_TRA_QUANG_MINH_THONG_A0200659H\Lab4_Monday_PM_TRA_QUANG_MINH_THONG_A0200659H.xpr
# Log file: D:/EE2026labs/Lab4/Lab4_Monday_PM_TRA_QUANG_MINH_THONG_A0200659H/vivado.log
# Journal file: D:/EE2026labs/Lab4/Lab4_Monday_PM_TRA_QUANG_MINH_THONG_A0200659H\vivado.jou
#-----------------------------------------------------------
start_gui
open_project D:/EE2026labs/Lab4/Lab4_Monday_PM_TRA_QUANG_MINH_THONG_A0200659H/Lab4_Monday_PM_TRA_QUANG_MINH_THONG_A0200659H.xpr
Scanning sources...
Finished scanning sources
INFO: [IP_Flow 19-234] Refreshing IP repositories
INFO: [IP_Flow 19-1704] No user IP repositories specified
INFO: [IP_Flow 19-2313] Loaded Vivado IP repository 'C:/Users/e0407640/Desktop/Vivado/2018.2/data/ip'.
open_project: Time (s): cpu = 00:00:11 ; elapsed = 00:00:05 . Memory (MB): peak = 850.371 ; gain = 129.730
update_compile_order -fileset sources_1
export_ip_user_files -of_objects  [get_files D:/EE2026labs/Lab4/Lab4_Monday_PM_TRA_QUANG_MINH_THONG_A0200659H/Lab4_Monday_PM_TRA_QUANG_MINH_THONG_A0200659H.srcs/sources_1/new/LOA_to_QUAR.v] -no_script -reset -force -quiet
remove_files  D:/EE2026labs/Lab4/Lab4_Monday_PM_TRA_QUANG_MINH_THONG_A0200659H/Lab4_Monday_PM_TRA_QUANG_MINH_THONG_A0200659H.srcs/sources_1/new/LOA_to_QUAR.v
file delete -force D:/EE2026labs/Lab4/Lab4_Monday_PM_TRA_QUANG_MINH_THONG_A0200659H/Lab4_Monday_PM_TRA_QUANG_MINH_THONG_A0200659H.srcs/sources_1/new/LOA_to_QUAR.v
export_ip_user_files -of_objects  [get_files D:/EE2026labs/Lab4/Lab4_Monday_PM_TRA_QUANG_MINH_THONG_A0200659H/Lab4_Monday_PM_TRA_QUANG_MINH_THONG_A0200659H.srcs/sources_1/new/QUAR_to_LOA.v] -no_script -reset -force -quiet
remove_files  D:/EE2026labs/Lab4/Lab4_Monday_PM_TRA_QUANG_MINH_THONG_A0200659H/Lab4_Monday_PM_TRA_QUANG_MINH_THONG_A0200659H.srcs/sources_1/new/QUAR_to_LOA.v
file delete -force D:/EE2026labs/Lab4/Lab4_Monday_PM_TRA_QUANG_MINH_THONG_A0200659H/Lab4_Monday_PM_TRA_QUANG_MINH_THONG_A0200659H.srcs/sources_1/new/QUAR_to_LOA.v
export_ip_user_files -of_objects  [get_files D:/EE2026labs/Lab4/Lab4_Monday_PM_TRA_QUANG_MINH_THONG_A0200659H/Lab4_Monday_PM_TRA_QUANG_MINH_THONG_A0200659H.srcs/sources_1/new/count_up_pointer.v] -no_script -reset -force -quiet
remove_files  D:/EE2026labs/Lab4/Lab4_Monday_PM_TRA_QUANG_MINH_THONG_A0200659H/Lab4_Monday_PM_TRA_QUANG_MINH_THONG_A0200659H.srcs/sources_1/new/count_up_pointer.v
file delete -force D:/EE2026labs/Lab4/Lab4_Monday_PM_TRA_QUANG_MINH_THONG_A0200659H/Lab4_Monday_PM_TRA_QUANG_MINH_THONG_A0200659H.srcs/sources_1/new/count_up_pointer.v
export_ip_user_files -of_objects  [get_files D:/EE2026labs/Lab4/Lab4_Monday_PM_TRA_QUANG_MINH_THONG_A0200659H/Lab4_Monday_PM_TRA_QUANG_MINH_THONG_A0200659H.srcs/sources_1/new/modify_pointer_right.v] -no_script -reset -force -quiet
remove_files  D:/EE2026labs/Lab4/Lab4_Monday_PM_TRA_QUANG_MINH_THONG_A0200659H/Lab4_Monday_PM_TRA_QUANG_MINH_THONG_A0200659H.srcs/sources_1/new/modify_pointer_right.v
file delete -force D:/EE2026labs/Lab4/Lab4_Monday_PM_TRA_QUANG_MINH_THONG_A0200659H/Lab4_Monday_PM_TRA_QUANG_MINH_THONG_A0200659H.srcs/sources_1/new/modify_pointer_right.v
export_ip_user_files -of_objects  [get_files D:/EE2026labs/Lab4/Lab4_Monday_PM_TRA_QUANG_MINH_THONG_A0200659H/Lab4_Monday_PM_TRA_QUANG_MINH_THONG_A0200659H.srcs/sources_1/new/my_1_bit_adder.v] -no_script -reset -force -quiet
remove_files  D:/EE2026labs/Lab4/Lab4_Monday_PM_TRA_QUANG_MINH_THONG_A0200659H/Lab4_Monday_PM_TRA_QUANG_MINH_THONG_A0200659H.srcs/sources_1/new/my_1_bit_adder.v
file delete -force D:/EE2026labs/Lab4/Lab4_Monday_PM_TRA_QUANG_MINH_THONG_A0200659H/Lab4_Monday_PM_TRA_QUANG_MINH_THONG_A0200659H.srcs/sources_1/new/my_1_bit_adder.v
export_ip_user_files -of_objects  [get_files D:/EE2026labs/Lab4/Lab4_Monday_PM_TRA_QUANG_MINH_THONG_A0200659H/Lab4_Monday_PM_TRA_QUANG_MINH_THONG_A0200659H.srcs/sources_1/new/QUAR_to_LOA_real.v] -no_script -reset -force -quiet
remove_files  D:/EE2026labs/Lab4/Lab4_Monday_PM_TRA_QUANG_MINH_THONG_A0200659H/Lab4_Monday_PM_TRA_QUANG_MINH_THONG_A0200659H.srcs/sources_1/new/QUAR_to_LOA_real.v
file delete -force D:/EE2026labs/Lab4/Lab4_Monday_PM_TRA_QUANG_MINH_THONG_A0200659H/Lab4_Monday_PM_TRA_QUANG_MINH_THONG_A0200659H.srcs/sources_1/new/QUAR_to_LOA_real.v
exit
INFO: [Common 17-206] Exiting Vivado at Sat Mar 14 00:45:43 2020...
