#-----------------------------------------------------------
# Vivado v2018.2 (64-bit)
# SW Build 2258646 on Thu Jun 14 20:03:12 MDT 2018
# IP Build 2256618 on Thu Jun 14 22:10:49 MDT 2018
# Start of session at: Mon Feb 24 18:20:00 2020
# Process ID: 6496
# Current directory: D:/EE2026labs/Lab3/Lab3_Monday_PM_TRA_QUANG_MINH_THONG_A0200659H
# Command line: vivado.exe -gui_launcher_event rodinguilauncherevent6980 D:\EE2026labs\Lab3\Lab3_Monday_PM_TRA_QUANG_MINH_THONG_A0200659H\Lab3_Monday_PM_TRA_QUANG_MINH_THONG_A0200659H.xpr
# Log file: D:/EE2026labs/Lab3/Lab3_Monday_PM_TRA_QUANG_MINH_THONG_A0200659H/vivado.log
# Journal file: D:/EE2026labs/Lab3/Lab3_Monday_PM_TRA_QUANG_MINH_THONG_A0200659H\vivado.jou
#-----------------------------------------------------------
start_gui
open_project D:/EE2026labs/Lab3/Lab3_Monday_PM_TRA_QUANG_MINH_THONG_A0200659H/Lab3_Monday_PM_TRA_QUANG_MINH_THONG_A0200659H.xpr
Scanning sources...
Finished scanning sources
INFO: [IP_Flow 19-234] Refreshing IP repositories
INFO: [IP_Flow 19-1704] No user IP repositories specified
INFO: [IP_Flow 19-2313] Loaded Vivado IP repository 'C:/Users/e0407640/Desktop/Vivado/2018.2/data/ip'.
open_project: Time (s): cpu = 00:00:09 ; elapsed = 00:00:05 . Memory (MB): peak = 854.941 ; gain = 131.434
update_compile_order -fileset sources_1
open_hw
connect_hw_server
INFO: [Labtools 27-2285] Connecting to hw_server url TCP:localhost:3121
INFO: [Labtools 27-2222] Launching hw_server...
INFO: [Labtools 27-2221] Launch Output:

****** Xilinx hw_server v2018.2
  **** Build date : Jun 14 2018-20:42:52
    ** Copyright 1986-2018 Xilinx, Inc. All Rights Reserved.


open_hw_target
INFO: [Labtoolstcl 44-466] Opening hw_target localhost:3121/xilinx_tcf/Digilent/210183ACA961A
set_property PROGRAM.FILE {D:/EE2026labs/Lab3/Lab3_Monday_PM_TRA_QUANG_MINH_THONG_A0200659H/Lab3_Monday_PM_TRA_QUANG_MINH_THONG_A0200659H.runs/impl_1/Switches.bit} [get_hw_devices xc7a35t_0]
current_hw_device [get_hw_devices xc7a35t_0]
refresh_hw_device -update_hw_probes false [lindex [get_hw_devices xc7a35t_0] 0]
INFO: [Labtools 27-1434] Device xc7a35t (JTAG device index = 0) is programmed with a design that has no supported debug core(s) in it.
WARNING: [Labtools 27-3361] The debug hub core was not detected.
Resolution: 
1. Make sure the clock connected to the debug hub (dbg_hub) core is a free running clock and is active.
2. Make sure the BSCAN_SWITCH_USER_MASK device property in Vivado Hardware Manager reflects the user scan chain setting in the design and refresh the device.  To determine the user scan chain setting in the design, open the implemented design and use 'get_property C_USER_SCAN_CHAIN [get_debug_cores dbg_hub]'.
For more details on setting the scan chain property, consult the Vivado Debug and Programming User Guide (UG908).
set_property PROBES.FILE {} [get_hw_devices xc7a35t_0]
set_property FULL_PROBES.FILE {} [get_hw_devices xc7a35t_0]
set_property PROGRAM.FILE {D:/EE2026labs/Lab3/Lab3_Monday_PM_TRA_QUANG_MINH_THONG_A0200659H/Lab3_Monday_PM_TRA_QUANG_MINH_THONG_A0200659H.runs/impl_1/Switches.bit} [get_hw_devices xc7a35t_0]
program_hw_devices [get_hw_devices xc7a35t_0]
INFO: [Labtools 27-3164] End of startup status: HIGH
refresh_hw_device [lindex [get_hw_devices xc7a35t_0] 0]
INFO: [Labtools 27-1434] Device xc7a35t (JTAG device index = 0) is programmed with a design that has no supported debug core(s) in it.
WARNING: [Labtools 27-3361] The debug hub core was not detected.
Resolution: 
1. Make sure the clock connected to the debug hub (dbg_hub) core is a free running clock and is active.
2. Make sure the BSCAN_SWITCH_USER_MASK device property in Vivado Hardware Manager reflects the user scan chain setting in the design and refresh the device.  To determine the user scan chain setting in the design, open the implemented design and use 'get_property C_USER_SCAN_CHAIN [get_debug_cores dbg_hub]'.
For more details on setting the scan chain property, consult the Vivado Debug and Programming User Guide (UG908).
ERROR: [Labtoolstcl 44-513] HW Target shutdown. Closing target: localhost:3121/xilinx_tcf/Digilent/210183ACA961A
reset_run synth_1
launch_runs synth_1 -jobs 4
[Mon Feb 24 20:08:27 2020] Launched synth_1...
Run output will be captured here: D:/EE2026labs/Lab3/Lab3_Monday_PM_TRA_QUANG_MINH_THONG_A0200659H/Lab3_Monday_PM_TRA_QUANG_MINH_THONG_A0200659H.runs/synth_1/runme.log
launch_runs impl_1 -jobs 4
[Mon Feb 24 20:09:15 2020] Launched impl_1...
Run output will be captured here: D:/EE2026labs/Lab3/Lab3_Monday_PM_TRA_QUANG_MINH_THONG_A0200659H/Lab3_Monday_PM_TRA_QUANG_MINH_THONG_A0200659H.runs/impl_1/runme.log
INFO: [Labtoolstcl 44-466] Opening hw_target localhost:3121/xilinx_tcf/Digilent/210183ACA961A
INFO: [Labtools 27-1434] Device xc7a35t (JTAG device index = 0) is programmed with a design that has no supported debug core(s) in it.
WARNING: [Labtools 27-3361] The debug hub core was not detected.
Resolution: 
1. Make sure the clock connected to the debug hub (dbg_hub) core is a free running clock and is active.
2. Make sure the BSCAN_SWITCH_USER_MASK device property in Vivado Hardware Manager reflects the user scan chain setting in the design and refresh the device.  To determine the user scan chain setting in the design, open the implemented design and use 'get_property C_USER_SCAN_CHAIN [get_debug_cores dbg_hub]'.
For more details on setting the scan chain property, consult the Vivado Debug and Programming User Guide (UG908).
WARNING: [Labtoolstcl 44-129] No matching hw_ila_data was found.
launch_runs impl_1 -to_step write_bitstream -jobs 4
[Mon Feb 24 20:10:30 2020] Launched impl_1...
Run output will be captured here: D:/EE2026labs/Lab3/Lab3_Monday_PM_TRA_QUANG_MINH_THONG_A0200659H/Lab3_Monday_PM_TRA_QUANG_MINH_THONG_A0200659H.runs/impl_1/runme.log
set_property PROBES.FILE {} [get_hw_devices xc7a35t_0]
set_property FULL_PROBES.FILE {} [get_hw_devices xc7a35t_0]
set_property PROGRAM.FILE {D:/EE2026labs/Lab3/Lab3_Monday_PM_TRA_QUANG_MINH_THONG_A0200659H/Lab3_Monday_PM_TRA_QUANG_MINH_THONG_A0200659H.runs/impl_1/Switches.bit} [get_hw_devices xc7a35t_0]
program_hw_devices [get_hw_devices xc7a35t_0]
INFO: [Labtools 27-3164] End of startup status: HIGH
refresh_hw_device [lindex [get_hw_devices xc7a35t_0] 0]
INFO: [Labtools 27-1434] Device xc7a35t (JTAG device index = 0) is programmed with a design that has no supported debug core(s) in it.
WARNING: [Labtools 27-3361] The debug hub core was not detected.
Resolution: 
1. Make sure the clock connected to the debug hub (dbg_hub) core is a free running clock and is active.
2. Make sure the BSCAN_SWITCH_USER_MASK device property in Vivado Hardware Manager reflects the user scan chain setting in the design and refresh the device.  To determine the user scan chain setting in the design, open the implemented design and use 'get_property C_USER_SCAN_CHAIN [get_debug_cores dbg_hub]'.
For more details on setting the scan chain property, consult the Vivado Debug and Programming User Guide (UG908).
ERROR: [Labtoolstcl 44-513] HW Target shutdown. Closing target: localhost:3121/xilinx_tcf/Digilent/210183ACA961A
update_compile_order -fileset sources_1
reset_run synth_1
launch_runs synth_1 -jobs 4
[Mon Feb 24 20:18:19 2020] Launched synth_1...
Run output will be captured here: D:/EE2026labs/Lab3/Lab3_Monday_PM_TRA_QUANG_MINH_THONG_A0200659H/Lab3_Monday_PM_TRA_QUANG_MINH_THONG_A0200659H.runs/synth_1/runme.log
launch_runs impl_1 -jobs 4
[Mon Feb 24 20:19:53 2020] Launched impl_1...
Run output will be captured here: D:/EE2026labs/Lab3/Lab3_Monday_PM_TRA_QUANG_MINH_THONG_A0200659H/Lab3_Monday_PM_TRA_QUANG_MINH_THONG_A0200659H.runs/impl_1/runme.log
launch_runs impl_1 -to_step write_bitstream -jobs 4
[Mon Feb 24 20:21:27 2020] Launched impl_1...
Run output will be captured here: D:/EE2026labs/Lab3/Lab3_Monday_PM_TRA_QUANG_MINH_THONG_A0200659H/Lab3_Monday_PM_TRA_QUANG_MINH_THONG_A0200659H.runs/impl_1/runme.log
INFO: [Labtoolstcl 44-466] Opening hw_target localhost:3121/xilinx_tcf/Digilent/210183ACA961A
INFO: [Labtools 27-1434] Device xc7a35t (JTAG device index = 0) is programmed with a design that has no supported debug core(s) in it.
WARNING: [Labtools 27-3361] The debug hub core was not detected.
Resolution: 
1. Make sure the clock connected to the debug hub (dbg_hub) core is a free running clock and is active.
2. Make sure the BSCAN_SWITCH_USER_MASK device property in Vivado Hardware Manager reflects the user scan chain setting in the design and refresh the device.  To determine the user scan chain setting in the design, open the implemented design and use 'get_property C_USER_SCAN_CHAIN [get_debug_cores dbg_hub]'.
For more details on setting the scan chain property, consult the Vivado Debug and Programming User Guide (UG908).
WARNING: [Labtoolstcl 44-129] No matching hw_ila_data was found.
set_property PROBES.FILE {} [get_hw_devices xc7a35t_0]
set_property FULL_PROBES.FILE {} [get_hw_devices xc7a35t_0]
set_property PROGRAM.FILE {D:/EE2026labs/Lab3/Lab3_Monday_PM_TRA_QUANG_MINH_THONG_A0200659H/Lab3_Monday_PM_TRA_QUANG_MINH_THONG_A0200659H.runs/impl_1/Switches.bit} [get_hw_devices xc7a35t_0]
program_hw_devices [get_hw_devices xc7a35t_0]
INFO: [Labtools 27-3164] End of startup status: HIGH
refresh_hw_device [lindex [get_hw_devices xc7a35t_0] 0]
INFO: [Labtools 27-1434] Device xc7a35t (JTAG device index = 0) is programmed with a design that has no supported debug core(s) in it.
WARNING: [Labtools 27-3361] The debug hub core was not detected.
Resolution: 
1. Make sure the clock connected to the debug hub (dbg_hub) core is a free running clock and is active.
2. Make sure the BSCAN_SWITCH_USER_MASK device property in Vivado Hardware Manager reflects the user scan chain setting in the design and refresh the device.  To determine the user scan chain setting in the design, open the implemented design and use 'get_property C_USER_SCAN_CHAIN [get_debug_cores dbg_hub]'.
For more details on setting the scan chain property, consult the Vivado Debug and Programming User Guide (UG908).
ERROR: [Labtoolstcl 44-513] HW Target shutdown. Closing target: localhost:3121/xilinx_tcf/Digilent/210183ACA961A
export_ip_user_files -of_objects  [get_files D:/EE2026labs/Lab3/Lab3_Monday_PM_TRA_QUANG_MINH_THONG_A0200659H/Lab3_Monday_PM_TRA_QUANG_MINH_THONG_A0200659H.srcs/sources_1/new/my_4_bit_adder.v] -no_script -reset -force -quiet
remove_files  D:/EE2026labs/Lab3/Lab3_Monday_PM_TRA_QUANG_MINH_THONG_A0200659H/Lab3_Monday_PM_TRA_QUANG_MINH_THONG_A0200659H.srcs/sources_1/new/my_4_bit_adder.v
exit
INFO: [Common 17-206] Exiting Vivado at Mon Feb 24 20:33:25 2020...
