Copyright 1986-2018 Xilinx, Inc. All Rights Reserved.
-------------------------------------------------------------------------------------
| Tool Version : Vivado v.2018.2 (win64) Build 2258646 Thu Jun 14 20:03:12 MDT 2018
| Date         : Mon Feb 24 20:20:33 2020
| Host         : DESKTOP-SJO1R2H running 64-bit major release  (build 9200)
| Command      : report_control_sets -verbose -file Switches_control_sets_placed.rpt
| Design       : Switches
| Device       : xc7a35t
-------------------------------------------------------------------------------------

Control Set Information

Table of Contents
-----------------
1. Summary
2. Histogram
3. Flip-Flop Distribution
4. Detailed Control Set Information

1. Summary
----------

+----------------------------------------------------------+-------+
|                          Status                          | Count |
+----------------------------------------------------------+-------+
| Number of unique control sets                            |     4 |
| Unused register locations in slices containing registers |     0 |
+----------------------------------------------------------+-------+


2. Histogram
------------

+--------+--------------+
| Fanout | Control Sets |
+--------+--------------+
|      8 |            1 |
|    16+ |            3 |
+--------+--------------+


3. Flip-Flop Distribution
-------------------------

+--------------+-----------------------+------------------------+-----------------+--------------+
| Clock Enable | Synchronous Set/Reset | Asynchronous Set/Reset | Total Registers | Total Slices |
+--------------+-----------------------+------------------------+-----------------+--------------+
| No           | No                    | No                     |             104 |           14 |
| No           | No                    | Yes                    |               0 |            0 |
| No           | Yes                   | No                     |               0 |            0 |
| Yes          | No                    | No                     |              48 |           10 |
| Yes          | No                    | Yes                    |               0 |            0 |
| Yes          | Yes                   | No                     |               0 |            0 |
+--------------+-----------------------+------------------------+-----------------+--------------+


4. Detailed Control Set Information
-----------------------------------

+------------------+-----------------------+------------------+------------------+----------------+
|   Clock Signal   |     Enable Signal     | Set/Reset Signal | Slice Load Count | Bel Load Count |
+------------------+-----------------------+------------------+------------------+----------------+
|  CLOCK_IBUF_BUFG | loop_count[3]_i_1_n_0 |                  |                2 |              8 |
|  CLOCK_IBUF_BUFG | seg_dot[7]_i_1_n_0    |                  |                2 |             16 |
|  CLOCK_IBUF_BUFG | trail_LED[5]_i_1_n_0  |                  |                6 |             24 |
|  CLOCK_IBUF_BUFG |                       |                  |               14 |            104 |
+------------------+-----------------------+------------------+------------------+----------------+


