#-----------------------------------------------------------
# Vivado v2018.2 (64-bit)
# SW Build 2258646 on Thu Jun 14 20:03:12 MDT 2018
# IP Build 2256618 on Thu Jun 14 22:10:49 MDT 2018
# Start of session at: Fri Jan 24 23:06:16 2020
# Process ID: 2284
# Current directory: D:/EE2026labs/Lab1/Lab1_Monday_PM_TRA_QUANG_MINH_THONG_A0200659H
# Command line: vivado.exe -gui_launcher_event rodinguilauncherevent1228 D:\EE2026labs\Lab1\Lab1_Monday_PM_TRA_QUANG_MINH_THONG_A0200659H\Lab1_Monday_PM_TRA_QUANG_MINH_THONG_A0200659H.xpr
# Log file: D:/EE2026labs/Lab1/Lab1_Monday_PM_TRA_QUANG_MINH_THONG_A0200659H/vivado.log
# Journal file: D:/EE2026labs/Lab1/Lab1_Monday_PM_TRA_QUANG_MINH_THONG_A0200659H\vivado.jou
#-----------------------------------------------------------
start_gui
open_project D:/EE2026labs/Lab1/Lab1_Monday_PM_TRA_QUANG_MINH_THONG_A0200659H/Lab1_Monday_PM_TRA_QUANG_MINH_THONG_A0200659H.xpr
Scanning sources...
Finished scanning sources
INFO: [IP_Flow 19-234] Refreshing IP repositories
INFO: [IP_Flow 19-1704] No user IP repositories specified
INFO: [IP_Flow 19-2313] Loaded Vivado IP repository 'C:/Users/e0407640/Desktop/Vivado/2018.2/data/ip'.
open_project: Time (s): cpu = 00:00:10 ; elapsed = 00:00:05 . Memory (MB): peak = 869.223 ; gain = 137.668
update_compile_order -fileset sources_1
archive_project C:/Users/e0407640/Desktop/Lab1_Monday_PM_TRA_QUANG_MINH_THONG_A0200659H.xpr.zip -force -include_local_ip_cache -include_config_settings
INFO: [Coretcl 2-137] starting archive...
INFO: [Coretcl 2-1499] Saving project copy to temporary location 'D:/EE2026labs/Lab1/Lab1_Monday_PM_TRA_QUANG_MINH_THONG_A0200659H/.Xil/Vivado-2284-DESKTOP-SJO1R2H' for archiving project
Scanning sources...
Finished scanning sources
INFO: [Coretcl 2-1211] Creating project copy for archival...
INFO: [ProjectBase 1-495] The host OS only allows 260 characters in a normal path. The project is stored in a path with more than 80 characters. If you experience any problem with archiving the project, please consider setting environment variable $TEMP to a shorter path.
Current project path is 'D:/EE2026labs/Lab1/Lab1_Monday_PM_TRA_QUANG_MINH_THONG_A0200659H/.Xil/Vivado-2284-DESKTOP-SJO1R2H/PrjAr/_X_'.
INFO: [Coretcl 2-1213] Including run results for 'synth_1'
INFO: [Coretcl 2-1213] Including run results for 'impl_1'
INFO: [Coretcl 2-1209] Adding archive summary file to the project...
INFO: [Coretcl 2-1214] Preparing project files for archive...
INFO: [Coretcl 2-1210] Compressing project files and data...
INFO: [Coretcl 2-1215] Project archived (C:/Users/e0407640/Desktop/Lab1_Monday_PM_TRA_QUANG_MINH_THONG_A0200659H.xpr.zip)
INFO: [Coretcl 2-1216] To view the archive summary log in GUI, double click on 'Design Sources->Text->archive_project_summary.txt', or open this file from the archived project directory.
archive_project: Time (s): cpu = 00:00:03 ; elapsed = 00:00:18 . Memory (MB): peak = 897.121 ; gain = 7.848
exit
INFO: [Common 17-206] Exiting Vivado at Fri Jan 24 23:08:22 2020...
