#-----------------------------------------------------------
# Vivado v2018.2 (64-bit)
# SW Build 2258646 on Thu Jun 14 20:03:12 MDT 2018
# IP Build 2256618 on Thu Jun 14 22:10:49 MDT 2018
# Start of session at: Fri Jan 24 22:48:23 2020
# Process ID: 9336
# Current directory: D:/EE2026labs/Lab1/Lab1_Monday_PM_TRA_QUANG_MINH_THONG_A0200659H
# Command line: vivado.exe -gui_launcher_event rodinguilauncherevent1136 D:\EE2026labs\Lab1\Lab1_Monday_PM_TRA_QUANG_MINH_THONG_A0200659H\Lab1_Monday_PM_TRA_QUANG_MINH_THONG_A0200659H.xpr
# Log file: D:/EE2026labs/Lab1/Lab1_Monday_PM_TRA_QUANG_MINH_THONG_A0200659H/vivado.log
# Journal file: D:/EE2026labs/Lab1/Lab1_Monday_PM_TRA_QUANG_MINH_THONG_A0200659H\vivado.jou
#-----------------------------------------------------------
start_gui
open_project D:/EE2026labs/Lab1/Lab1_Monday_PM_TRA_QUANG_MINH_THONG_A0200659H/Lab1_Monday_PM_TRA_QUANG_MINH_THONG_A0200659H.xpr
Scanning sources...
Finished scanning sources
INFO: [IP_Flow 19-234] Refreshing IP repositories
INFO: [IP_Flow 19-1704] No user IP repositories specified
INFO: [IP_Flow 19-2313] Loaded Vivado IP repository 'C:/Users/e0407640/Desktop/Vivado/2018.2/data/ip'.
update_compile_order -fileset sources_1
reset_run synth_1
launch_runs synth_1 -jobs 4
[Fri Jan 24 22:49:52 2020] Launched synth_1...
Run output will be captured here: D:/EE2026labs/Lab1/Lab1_Monday_PM_TRA_QUANG_MINH_THONG_A0200659H/Lab1_Monday_PM_TRA_QUANG_MINH_THONG_A0200659H.runs/synth_1/runme.log
launch_runs impl_1 -jobs 4
[Fri Jan 24 22:51:00 2020] Launched impl_1...
Run output will be captured here: D:/EE2026labs/Lab1/Lab1_Monday_PM_TRA_QUANG_MINH_THONG_A0200659H/Lab1_Monday_PM_TRA_QUANG_MINH_THONG_A0200659H.runs/impl_1/runme.log
launch_runs impl_1 -to_step write_bitstream -jobs 4
[Fri Jan 24 22:52:08 2020] Launched impl_1...
Run output will be captured here: D:/EE2026labs/Lab1/Lab1_Monday_PM_TRA_QUANG_MINH_THONG_A0200659H/Lab1_Monday_PM_TRA_QUANG_MINH_THONG_A0200659H.runs/impl_1/runme.log
open_hw
connect_hw_server
INFO: [Labtools 27-2285] Connecting to hw_server url TCP:localhost:3121
INFO: [Labtools 27-2222] Launching hw_server...
INFO: [Labtools 27-2221] Launch Output:

****** Xilinx hw_server v2018.2
  **** Build date : Jun 14 2018-20:42:52
    ** Copyright 1986-2018 Xilinx, Inc. All Rights Reserved.


open_hw_target
INFO: [Labtoolstcl 44-466] Opening hw_target localhost:3121/xilinx_tcf/Digilent/210183ACA961A
set_property PROGRAM.FILE {D:/EE2026labs/Lab1/Lab1_Monday_PM_TRA_QUANG_MINH_THONG_A0200659H/Lab1_Monday_PM_TRA_QUANG_MINH_THONG_A0200659H.runs/impl_1/Password_Control.bit} [get_hw_devices xc7a35t_0]
current_hw_device [get_hw_devices xc7a35t_0]
refresh_hw_device -update_hw_probes false [lindex [get_hw_devices xc7a35t_0] 0]
INFO: [Labtools 27-1434] Device xc7a35t (JTAG device index = 0) is programmed with a design that has no supported debug core(s) in it.
WARNING: [Labtools 27-3361] The debug hub core was not detected.
Resolution: 
1. Make sure the clock connected to the debug hub (dbg_hub) core is a free running clock and is active.
2. Make sure the BSCAN_SWITCH_USER_MASK device property in Vivado Hardware Manager reflects the user scan chain setting in the design and refresh the device.  To determine the user scan chain setting in the design, open the implemented design and use 'get_property C_USER_SCAN_CHAIN [get_debug_cores dbg_hub]'.
For more details on setting the scan chain property, consult the Vivado Debug and Programming User Guide (UG908).
set_property PROBES.FILE {} [get_hw_devices xc7a35t_0]
set_property FULL_PROBES.FILE {} [get_hw_devices xc7a35t_0]
set_property PROGRAM.FILE {D:/EE2026labs/Lab1/Lab1_Monday_PM_TRA_QUANG_MINH_THONG_A0200659H/Lab1_Monday_PM_TRA_QUANG_MINH_THONG_A0200659H.runs/impl_1/Password_Control.bit} [get_hw_devices xc7a35t_0]
program_hw_devices [get_hw_devices xc7a35t_0]
INFO: [Labtools 27-3164] End of startup status: HIGH
refresh_hw_device [lindex [get_hw_devices xc7a35t_0] 0]
INFO: [Labtools 27-1434] Device xc7a35t (JTAG device index = 0) is programmed with a design that has no supported debug core(s) in it.
WARNING: [Labtools 27-3361] The debug hub core was not detected.
Resolution: 
1. Make sure the clock connected to the debug hub (dbg_hub) core is a free running clock and is active.
2. Make sure the BSCAN_SWITCH_USER_MASK device property in Vivado Hardware Manager reflects the user scan chain setting in the design and refresh the device.  To determine the user scan chain setting in the design, open the implemented design and use 'get_property C_USER_SCAN_CHAIN [get_debug_cores dbg_hub]'.
For more details on setting the scan chain property, consult the Vivado Debug and Programming User Guide (UG908).
archive_project C:/Users/e0407640/Desktop/Lab1_Monday_PM_TRA_QUANG_MINH_THONG_A0200659H.xpr.zip -temp_dir D:/EE2026labs/Lab1/Lab1_Monday_PM_TRA_QUANG_MINH_THONG_A0200659H/.Xil/Vivado-9336-DESKTOP-SJO1R2H -force -include_local_ip_cache -include_config_settings
INFO: [Coretcl 2-137] starting archive...
INFO: [Coretcl 2-1499] Saving project copy to temporary location 'D:/EE2026labs/Lab1/Lab1_Monday_PM_TRA_QUANG_MINH_THONG_A0200659H/.Xil/Vivado-9336-DESKTOP-SJO1R2H' for archiving project
Scanning sources...
Finished scanning sources
INFO: [Coretcl 2-1211] Creating project copy for archival...
INFO: [ProjectBase 1-495] The host OS only allows 260 characters in a normal path. The project is stored in a path with more than 80 characters. If you experience any problem with archiving the project, please consider setting environment variable $TEMP to a shorter path.
Current project path is 'D:/EE2026labs/Lab1/Lab1_Monday_PM_TRA_QUANG_MINH_THONG_A0200659H/.Xil/Vivado-9336-DESKTOP-SJO1R2H/PrjAr/_X_'.
INFO: [Coretcl 2-1213] Including run results for 'synth_1'
INFO: [Coretcl 2-1213] Including run results for 'impl_1'
INFO: [Coretcl 2-1209] Adding archive summary file to the project...
INFO: [Coretcl 2-1214] Preparing project files for archive...
INFO: [Coretcl 2-1210] Compressing project files and data...
INFO: [Coretcl 2-1215] Project archived (C:/Users/e0407640/Desktop/Lab1_Monday_PM_TRA_QUANG_MINH_THONG_A0200659H.xpr.zip)
INFO: [Coretcl 2-1216] To view the archive summary log in GUI, double click on 'Design Sources->Text->archive_project_summary.txt', or open this file from the archived project directory.
archive_project: Time (s): cpu = 00:00:02 ; elapsed = 00:00:19 . Memory (MB): peak = 1603.879 ; gain = 5.336
exit
INFO: [Common 17-206] Exiting Vivado at Fri Jan 24 22:57:22 2020...
