#-----------------------------------------------------------
# Vivado v2018.2 (64-bit)
# SW Build 2258646 on Thu Jun 14 20:03:12 MDT 2018
# IP Build 2256618 on Thu Jun 14 22:10:49 MDT 2018
# Start of session at: Mon Feb 10 17:33:06 2020
# Process ID: 8488
# Current directory: C:/Users/e0407640/Desktop/Lab2_Monday_PM_TraQuangMInhThong_A0200659H
# Command line: vivado.exe -gui_launcher_event rodinguilauncherevent8016 C:\Users\e0407640\Desktop\Lab2_Monday_PM_TraQuangMInhThong_A0200659H\Lab2_Monday_PM_TraQuangMInhThong_A0200659H.xpr
# Log file: C:/Users/e0407640/Desktop/Lab2_Monday_PM_TraQuangMInhThong_A0200659H/vivado.log
# Journal file: C:/Users/e0407640/Desktop/Lab2_Monday_PM_TraQuangMInhThong_A0200659H\vivado.jou
#-----------------------------------------------------------
start_gui
open_project C:/Users/e0407640/Desktop/Lab2_Monday_PM_TraQuangMInhThong_A0200659H/Lab2_Monday_PM_TraQuangMInhThong_A0200659H.xpr
Scanning sources...
Finished scanning sources
INFO: [IP_Flow 19-234] Refreshing IP repositories
INFO: [IP_Flow 19-1704] No user IP repositories specified
INFO: [IP_Flow 19-2313] Loaded Vivado IP repository 'C:/Users/e0407640/Desktop/Vivado/2018.2/data/ip'.
update_compile_order -fileset sources_1
reset_run synth_1
launch_runs synth_1 -jobs 4
[Mon Feb 10 17:33:28 2020] Launched synth_1...
Run output will be captured here: C:/Users/e0407640/Desktop/Lab2_Monday_PM_TraQuangMInhThong_A0200659H/Lab2_Monday_PM_TraQuangMInhThong_A0200659H.runs/synth_1/runme.log
launch_runs impl_1 -jobs 4
[Mon Feb 10 17:34:07 2020] Launched impl_1...
Run output will be captured here: C:/Users/e0407640/Desktop/Lab2_Monday_PM_TraQuangMInhThong_A0200659H/Lab2_Monday_PM_TraQuangMInhThong_A0200659H.runs/impl_1/runme.log
launch_runs impl_1 -to_step write_bitstream -jobs 4
[Mon Feb 10 17:35:11 2020] Launched impl_1...
Run output will be captured here: C:/Users/e0407640/Desktop/Lab2_Monday_PM_TraQuangMInhThong_A0200659H/Lab2_Monday_PM_TraQuangMInhThong_A0200659H.runs/impl_1/runme.log
exit
INFO: [Common 17-206] Exiting Vivado at Mon Feb 10 17:36:23 2020...
